<?xml version="1.0" encoding="UTF-8"?>
<!-- Generated by org.testng.reporters.JUnitReportReporter -->
<testsuite hostname="LTIN305602" failures="0" tests="5" name="testRunner.Runner" time="0.342" errors="0" timestamp="25 Aug 2024 14:00:43 GMT" skipped="5">
  <testcase classname="testRunner.Runner" name="runScenario" time="0.005">
    <skipped/>
  </testcase> <!-- runScenario -->
  <testcase classname="testRunner.Runner" name="runScenario" time="0.309">
    <skipped/>
  </testcase> <!-- runScenario -->
  <testcase classname="testRunner.Runner" name="runScenario" time="0.007">
    <skipped/>
  </testcase> <!-- runScenario -->
  <testcase classname="testRunner.Runner" name="runScenario" time="0.012">
    <skipped/>
  </testcase> <!-- runScenario -->
  <testcase classname="testRunner.Runner" name="runScenario" time="0.009">
    <skipped/>
  </testcase> <!-- runScenario -->
</testsuite> <!-- testRunner.Runner -->
