<?xml version="1.0" encoding="UTF-8"?>
<!-- Generated by org.testng.reporters.JUnitReportReporter -->
<testsuite hostname="LTIN305602" failures="0" tests="3" name="testRunner.CartTestRunner" time="39.174" errors="0" timestamp="26 Aug 2024 07:31:22 GMT" skipped="0">
  <testcase classname="testRunner.CartTestRunner" name="runScenario" time="15.793"/>
  <testcase classname="testRunner.CartTestRunner" name="runScenario" time="11.082"/>
  <testcase classname="testRunner.CartTestRunner" name="runScenario" time="12.299"/>
</testsuite> <!-- testRunner.CartTestRunner -->
