<?xml version="1.0" encoding="UTF-8"?>
<!-- Generated by org.testng.reporters.JUnitReportReporter -->
<testsuite hostname="LTIN305602" failures="0" tests="2" name="testRunner.LoginTestRunner" time="20.042" errors="0" timestamp="26 Aug 2024 07:31:22 GMT" skipped="0">
  <testcase classname="testRunner.LoginTestRunner" name="runScenario" time="10.988"/>
  <testcase classname="testRunner.LoginTestRunner" name="runScenario" time="9.054"/>
</testsuite> <!-- testRunner.LoginTestRunner -->
